<?xml version="1.0" encoding="UTF-8"?>
<testng-results skipped="0" failed="0" ignored="0" total="10" passed="10">
  <reporter-output>
  </reporter-output>
  <suite name="Regression" duration-ms="220545" started-at="2018-03-29T17:10:07Z" finished-at="2018-03-29T17:13:48Z">
    <groups>
    </groups>
    <test name="Test" duration-ms="220545" started-at="2018-03-29T17:10:07Z" finished-at="2018-03-29T17:13:48Z">
      <class name="com.alg.test.executionengine.Executor">
        <test-method status="PASS" signature="setUp()[pri:0, instance:com.alg.test.executionengine.Executor@2ef9b8bc]" name="setUp" is-config="true" duration-ms="270" started-at="2018-03-29T13:10:07Z" finished-at="2018-03-29T13:10:07Z">
          <reporter-output>
          </reporter-output>
        </test-method> <!-- setUp -->
        <test-method status="PASS" signature="beforeClass()[pri:0, instance:com.alg.test.executionengine.Executor@2ef9b8bc]" name="beforeClass" is-config="true" duration-ms="781" started-at="2018-03-29T13:10:07Z" finished-at="2018-03-29T13:10:08Z">
          <reporter-output>
          </reporter-output>
        </test-method> <!-- beforeClass -->
        <test-method status="PASS" signature="testCase(java.lang.String)[pri:0, instance:com.alg.test.executionengine.Executor@2ef9b8bc]" name="testCase" duration-ms="44764" started-at="2018-03-29T13:10:08Z" data-provider="TestCases" finished-at="2018-03-29T13:10:53Z">
          <params>
            <param index="0">
              <value>
                <![CDATA[1]]>
              </value>
            </param>
          </params>
          <reporter-output>
          </reporter-output>
        </test-method> <!-- testCase -->
        <test-method status="PASS" signature="testCase(java.lang.String)[pri:0, instance:com.alg.test.executionengine.Executor@2ef9b8bc]" name="testCase" duration-ms="31424" started-at="2018-03-29T13:10:53Z" data-provider="TestCases" finished-at="2018-03-29T13:11:24Z">
          <params>
            <param index="0">
              <value>
                <![CDATA[2]]>
              </value>
            </param>
          </params>
          <reporter-output>
          </reporter-output>
        </test-method> <!-- testCase -->
        <test-method status="PASS" signature="testCase(java.lang.String)[pri:0, instance:com.alg.test.executionengine.Executor@2ef9b8bc]" name="testCase" duration-ms="21852" started-at="2018-03-29T13:11:24Z" data-provider="TestCases" finished-at="2018-03-29T13:11:46Z">
          <params>
            <param index="0">
              <value>
                <![CDATA[3]]>
              </value>
            </param>
          </params>
          <reporter-output>
          </reporter-output>
        </test-method> <!-- testCase -->
        <test-method status="PASS" signature="testCase(java.lang.String)[pri:0, instance:com.alg.test.executionengine.Executor@2ef9b8bc]" name="testCase" duration-ms="15424" started-at="2018-03-29T13:11:46Z" data-provider="TestCases" finished-at="2018-03-29T13:12:01Z">
          <params>
            <param index="0">
              <value>
                <![CDATA[4]]>
              </value>
            </param>
          </params>
          <reporter-output>
          </reporter-output>
        </test-method> <!-- testCase -->
        <test-method status="PASS" signature="testCase(java.lang.String)[pri:0, instance:com.alg.test.executionengine.Executor@2ef9b8bc]" name="testCase" duration-ms="15581" started-at="2018-03-29T13:12:01Z" data-provider="TestCases" finished-at="2018-03-29T13:12:17Z">
          <params>
            <param index="0">
              <value>
                <![CDATA[5]]>
              </value>
            </param>
          </params>
          <reporter-output>
          </reporter-output>
        </test-method> <!-- testCase -->
        <test-method status="PASS" signature="testCase(java.lang.String)[pri:0, instance:com.alg.test.executionengine.Executor@2ef9b8bc]" name="testCase" duration-ms="16268" started-at="2018-03-29T13:12:17Z" data-provider="TestCases" finished-at="2018-03-29T13:12:33Z">
          <params>
            <param index="0">
              <value>
                <![CDATA[6]]>
              </value>
            </param>
          </params>
          <reporter-output>
          </reporter-output>
        </test-method> <!-- testCase -->
        <test-method status="PASS" signature="testCase(java.lang.String)[pri:0, instance:com.alg.test.executionengine.Executor@2ef9b8bc]" name="testCase" duration-ms="13675" started-at="2018-03-29T13:12:33Z" data-provider="TestCases" finished-at="2018-03-29T13:12:47Z">
          <params>
            <param index="0">
              <value>
                <![CDATA[7]]>
              </value>
            </param>
          </params>
          <reporter-output>
          </reporter-output>
        </test-method> <!-- testCase -->
        <test-method status="PASS" signature="testCase(java.lang.String)[pri:0, instance:com.alg.test.executionengine.Executor@2ef9b8bc]" name="testCase" duration-ms="14732" started-at="2018-03-29T13:12:47Z" data-provider="TestCases" finished-at="2018-03-29T13:13:02Z">
          <params>
            <param index="0">
              <value>
                <![CDATA[8]]>
              </value>
            </param>
          </params>
          <reporter-output>
          </reporter-output>
        </test-method> <!-- testCase -->
        <test-method status="PASS" signature="testCase(java.lang.String)[pri:0, instance:com.alg.test.executionengine.Executor@2ef9b8bc]" name="testCase" duration-ms="24011" started-at="2018-03-29T13:13:02Z" data-provider="TestCases" finished-at="2018-03-29T13:13:26Z">
          <params>
            <param index="0">
              <value>
                <![CDATA[9]]>
              </value>
            </param>
          </params>
          <reporter-output>
          </reporter-output>
        </test-method> <!-- testCase -->
        <test-method status="PASS" signature="testCase(java.lang.String)[pri:0, instance:com.alg.test.executionengine.Executor@2ef9b8bc]" name="testCase" duration-ms="21317" started-at="2018-03-29T13:13:26Z" data-provider="TestCases" finished-at="2018-03-29T13:13:47Z">
          <params>
            <param index="0">
              <value>
                <![CDATA[10]]>
              </value>
            </param>
          </params>
          <reporter-output>
          </reporter-output>
        </test-method> <!-- testCase -->
        <test-method status="PASS" signature="afterClass()[pri:0, instance:com.alg.test.executionengine.Executor@2ef9b8bc]" name="afterClass" is-config="true" duration-ms="676" started-at="2018-03-29T13:13:47Z" finished-at="2018-03-29T13:13:48Z">
          <reporter-output>
          </reporter-output>
        </test-method> <!-- afterClass -->
        <test-method status="PASS" signature="tearDown()[pri:0, instance:com.alg.test.executionengine.Executor@2ef9b8bc]" name="tearDown" is-config="true" duration-ms="0" started-at="2018-03-29T13:13:48Z" finished-at="2018-03-29T13:13:48Z">
          <reporter-output>
          </reporter-output>
        </test-method> <!-- tearDown -->
      </class> <!-- com.alg.test.executionengine.Executor -->
    </test> <!-- Test -->
  </suite> <!-- Regression -->
</testng-results>
