<?xml version="1.0" encoding="UTF-8"?>
<!-- Generated by org.testng.reporters.JUnitXMLReporter -->
<testsuite hostname="HIMEN" ignored="0" name="Test" tests="10" failures="0" timestamp="29 Mar 2018 17:13:48 GMT" time="220.545" errors="0">
  <testcase name="testCase" time="44.764" classname="com.alg.test.executionengine.Executor"/>
  <testcase name="testCase" time="31.424" classname="com.alg.test.executionengine.Executor"/>
  <testcase name="testCase" time="21.852" classname="com.alg.test.executionengine.Executor"/>
  <testcase name="testCase" time="15.424" classname="com.alg.test.executionengine.Executor"/>
  <testcase name="testCase" time="15.581" classname="com.alg.test.executionengine.Executor"/>
  <testcase name="testCase" time="16.268" classname="com.alg.test.executionengine.Executor"/>
  <testcase name="testCase" time="13.675" classname="com.alg.test.executionengine.Executor"/>
  <testcase name="testCase" time="14.732" classname="com.alg.test.executionengine.Executor"/>
  <testcase name="testCase" time="24.011" classname="com.alg.test.executionengine.Executor"/>
  <testcase name="testCase" time="21.317" classname="com.alg.test.executionengine.Executor"/>
</testsuite> <!-- Test -->
